  CastleBuilder.cpp
C:\Users\Ugurcan\Documents\CastleBuilder\CastleBuilder\CastleBuilder\CastleBuilder.cpp(113,70): warning C4244: 'initializing': conversion from 'T' to 'int', possible loss of data
          with
          [
              T=float
          ]
C:\Users\Ugurcan\Documents\CastleBuilder\CastleBuilder\CastleBuilder\CastleBuilder.cpp(113,35): warning C4244: 'initializing': conversion from 'T' to 'const int', possible loss of data
          with
          [
              T=float
          ]
C:\Users\Ugurcan\Documents\CastleBuilder\CastleBuilder\CastleBuilder\CastleBuilder.cpp(114,71): warning C4244: 'initializing': conversion from 'T' to 'int', possible loss of data
          with
          [
              T=float
          ]
C:\Users\Ugurcan\Documents\CastleBuilder\CastleBuilder\CastleBuilder\CastleBuilder.cpp(114,35): warning C4244: 'initializing': conversion from 'T' to 'const int', possible loss of data
          with
          [
              T=float
          ]
C:\Users\Ugurcan\Documents\CastleBuilder\CastleBuilder\CastleBuilder\CastleBuilder.cpp(187,80): warning C4244: 'argument': conversion from 'T' to 'T', possible loss of data
          with
          [
              T=int
          ]
          and
          [
              T=float
          ]
C:\Users\Ugurcan\Documents\CastleBuilder\CastleBuilder\CastleBuilder\CastleBuilder.cpp(187,63): warning C4244: 'argument': conversion from 'T' to 'T', possible loss of data
          with
          [
              T=int
          ]
          and
          [
              T=float
          ]
  GameConfig.cpp
  GameScene.cpp
  MapDataSerializer.cpp
  MapManager.cpp
  Generating Code...
     Creating library C:\Users\Ugurcan\Documents\CastleBuilder\CastleBuilder\x64\Debug\CastleBuilder.lib and object C:\Users\Ugurcan\Documents\CastleBuilder\CastleBuilder\x64\Debug\CastleBuilder.exp
CastleBuilder.obj : error LNK2019: unresolved external symbol "__declspec(dllimport) public: __cdecl sf::String::String(char const *,class std::locale const &)" (__imp_??0String@sf@@QEAA@PEBDAEBVlocale@std@@@Z) referenced in function main
CastleBuilder.obj : error LNK2019: unresolved external symbol "__declspec(dllimport) public: __cdecl sf::String::~String(void)" (__imp_??1String@sf@@QEAA@XZ) referenced in function main
CastleBuilder.obj : error LNK2019: unresolved external symbol "__declspec(dllimport) public: static bool __cdecl sf::Keyboard::isKeyPressed(enum sf::Keyboard::Key)" (__imp_?isKeyPressed@Keyboard@sf@@SA_NW4Key@12@@Z) referenced in function main
CastleBuilder.obj : error LNK2019: unresolved external symbol "__declspec(dllimport) public: static bool __cdecl sf::Mouse::isButtonPressed(enum sf::Mouse::Button)" (__imp_?isButtonPressed@Mouse@sf@@SA_NW4Button@12@@Z) referenced in function main
CastleBuilder.obj : error LNK2019: unresolved external symbol "__declspec(dllimport) public: static class sf::Vector2<int> __cdecl sf::Mouse::getPosition(class sf::Window const &)" (__imp_?getPosition@Mouse@sf@@SA?AV?$Vector2@H@2@AEBVWindow@2@@Z) referenced in function main
CastleBuilder.obj : error LNK2019: unresolved external symbol "__declspec(dllimport) public: __cdecl sf::VideoMode::VideoMode(unsigned int,unsigned int,unsigned int)" (__imp_??0VideoMode@sf@@QEAA@III@Z) referenced in function main
CastleBuilder.obj : error LNK2019: unresolved external symbol "__declspec(dllimport) public: void __cdecl sf::Window::close(void)" (__imp_?close@Window@sf@@QEAAXXZ) referenced in function main
CastleBuilder.obj : error LNK2019: unresolved external symbol "__declspec(dllimport) public: bool __cdecl sf::Window::isOpen(void)const " (__imp_?isOpen@Window@sf@@QEBA_NXZ) referenced in function main
CastleBuilder.obj : error LNK2019: unresolved external symbol "__declspec(dllimport) public: bool __cdecl sf::Window::pollEvent(class sf::Event &)" (__imp_?pollEvent@Window@sf@@QEAA_NAEAVEvent@2@@Z) referenced in function main
CastleBuilder.obj : error LNK2019: unresolved external symbol "__declspec(dllimport) public: void __cdecl sf::Window::display(void)" (__imp_?display@Window@sf@@QEAAXXZ) referenced in function main
CastleBuilder.obj : error LNK2019: unresolved external symbol "__declspec(dllimport) public: void __cdecl sf::Transformable::setPosition(float,float)" (__imp_?setPosition@Transformable@sf@@QEAAXMM@Z) referenced in function main
CastleBuilder.obj : error LNK2019: unresolved external symbol "__declspec(dllimport) public: void __cdecl sf::Transformable::setPosition(class sf::Vector2<float> const &)" (__imp_?setPosition@Transformable@sf@@QEAAXAEBV?$Vector2@M@2@@Z) referenced in function main
CastleBuilder.obj : error LNK2019: unresolved external symbol "__declspec(dllimport) public: __cdecl sf::Color::Color(unsigned char,unsigned char,unsigned char,unsigned char)" (__imp_??0Color@sf@@QEAA@EEEE@Z) referenced in function main
CastleBuilder.obj : error LNK2019: unresolved external symbol "__declspec(dllimport) public: void __cdecl sf::Shape::setTexture(class sf::Texture const *,bool)" (__imp_?setTexture@Shape@sf@@QEAAXPEBVTexture@2@_N@Z) referenced in function main
CastleBuilder.obj : error LNK2019: unresolved external symbol "__declspec(dllimport) public: void __cdecl sf::Shape::setFillColor(class sf::Color const &)" (__imp_?setFillColor@Shape@sf@@QEAAXAEBVColor@2@@Z) referenced in function main
CastleBuilder.obj : error LNK2019: unresolved external symbol "__declspec(dllimport) public: void __cdecl sf::Shape::setOutlineColor(class sf::Color const &)" (__imp_?setOutlineColor@Shape@sf@@QEAAXAEBVColor@2@@Z) referenced in function main
CastleBuilder.obj : error LNK2019: unresolved external symbol "__declspec(dllimport) public: void __cdecl sf::Shape::setOutlineThickness(float)" (__imp_?setOutlineThickness@Shape@sf@@QEAAXM@Z) referenced in function main
CastleBuilder.obj : error LNK2019: unresolved external symbol "__declspec(dllimport) public: class sf::Rect<float> __cdecl sf::Shape::getGlobalBounds(void)const " (__imp_?getGlobalBounds@Shape@sf@@QEBA?AV?$Rect@M@2@XZ) referenced in function main
CastleBuilder.obj : error LNK2019: unresolved external symbol "__declspec(dllimport) public: __cdecl sf::ConvexShape::ConvexShape(unsigned __int64)" (__imp_??0ConvexShape@sf@@QEAA@_K@Z) referenced in function main
CastleBuilder.obj : error LNK2019: unresolved external symbol "__declspec(dllimport) public: void __cdecl sf::ConvexShape::setPointCount(unsigned __int64)" (__imp_?setPointCount@ConvexShape@sf@@QEAAX_K@Z) referenced in function main
CastleBuilder.obj : error LNK2019: unresolved external symbol "__declspec(dllimport) public: void __cdecl sf::ConvexShape::setPoint(unsigned __int64,class sf::Vector2<float> const &)" (__imp_?setPoint@ConvexShape@sf@@QEAAX_KAEBV?$Vector2@M@2@@Z) referenced in function main
CastleBuilder.obj : error LNK2019: unresolved external symbol "__declspec(dllimport) public: virtual __cdecl sf::ConvexShape::~ConvexShape(void)" (__imp_??1ConvexShape@sf@@UEAA@XZ) referenced in function "public: virtual void * __cdecl sf::ConvexShape::`scalar deleting destructor'(unsigned int)" (??_GConvexShape@sf@@UEAAPEAXI@Z)
CastleBuilder.obj : error LNK2019: unresolved external symbol "__declspec(dllimport) public: __cdecl sf::ConvexShape::ConvexShape(class sf::ConvexShape const &)" (__imp_??0ConvexShape@sf@@QEAA@AEBV01@@Z) referenced in function "public: static void __cdecl std::_Default_allocator_traits<class std::allocator<class sf::ConvexShape> >::construct<class sf::ConvexShape,class sf::ConvexShape &>(class std::allocator<class sf::ConvexShape> &,class sf::ConvexShape * const,class sf::ConvexShape &)" (??$construct@VConvexShape@sf@@AEAV12@@?$_Default_allocator_traits@V?$allocator@VConvexShape@sf@@@std@@@std@@SAXAEAV?$allocator@VConvexShape@sf@@@1@QEAVConvexShape@sf@@AEAV34@@Z)
CastleBuilder.obj : error LNK2019: unresolved external symbol "__declspec(dllimport) public: __cdecl sf::ConvexShape::ConvexShape(class sf::ConvexShape &&)" (__imp_??0ConvexShape@sf@@QEAA@$$QEAV01@@Z) referenced in function "public: static void __cdecl std::_Default_allocator_traits<class std::allocator<class sf::ConvexShape> >::construct<class sf::ConvexShape,class sf::ConvexShape>(class std::allocator<class sf::ConvexShape> &,class sf::ConvexShape * const,class sf::ConvexShape &&)" (??$construct@VConvexShape@sf@@V12@@?$_Default_allocator_traits@V?$allocator@VConvexShape@sf@@@std@@@std@@SAXAEAV?$allocator@VConvexShape@sf@@@1@QEAVConvexShape@sf@@$$QEAV34@@Z)
CastleBuilder.obj : error LNK2019: unresolved external symbol "__declspec(dllimport) public: __cdecl sf::Texture::Texture(void)" (__imp_??0Texture@sf@@QEAA@XZ) referenced in function main
GameScene.obj : error LNK2001: unresolved external symbol "__declspec(dllimport) public: __cdecl sf::Texture::Texture(void)" (__imp_??0Texture@sf@@QEAA@XZ)
CastleBuilder.obj : error LNK2019: unresolved external symbol "__declspec(dllimport) public: bool __cdecl sf::Texture::loadFromFile(class std::basic_string<char,struct std::char_traits<char>,class std::allocator<char> > const &,class sf::Rect<int> const &)" (__imp_?loadFromFile@Texture@sf@@QEAA_NAEBV?$basic_string@DU?$char_traits@D@std@@V?$allocator@D@2@@std@@AEBV?$Rect@H@2@@Z) referenced in function main
GameScene.obj : error LNK2001: unresolved external symbol "__declspec(dllimport) public: bool __cdecl sf::Texture::loadFromFile(class std::basic_string<char,struct std::char_traits<char>,class std::allocator<char> > const &,class sf::Rect<int> const &)" (__imp_?loadFromFile@Texture@sf@@QEAA_NAEBV?$basic_string@DU?$char_traits@D@std@@V?$allocator@D@2@@std@@AEBV?$Rect@H@2@@Z)
CastleBuilder.obj : error LNK2019: unresolved external symbol "__declspec(dllimport) public: __cdecl sf::RectangleShape::RectangleShape(class sf::Vector2<float> const &)" (__imp_??0RectangleShape@sf@@QEAA@AEBV?$Vector2@M@1@@Z) referenced in function main
CastleBuilder.obj : error LNK2019: unresolved external symbol "__declspec(dllimport) public: virtual __cdecl sf::RectangleShape::~RectangleShape(void)" (__imp_??1RectangleShape@sf@@UEAA@XZ) referenced in function main
CastleBuilder.obj : error LNK2019: unresolved external symbol "__declspec(dllimport) public: void __cdecl sf::View::setSize(class sf::Vector2<float> const &)" (__imp_?setSize@View@sf@@QEAAXAEBV?$Vector2@M@2@@Z) referenced in function main
CastleBuilder.obj : error LNK2019: unresolved external symbol "__declspec(dllimport) public: class sf::Vector2<float> const & __cdecl sf::View::getSize(void)const " (__imp_?getSize@View@sf@@QEBAAEBV?$Vector2@M@2@XZ) referenced in function main
CastleBuilder.obj : error LNK2019: unresolved external symbol "__declspec(dllimport) public: void __cdecl sf::View::zoom(float)" (__imp_?zoom@View@sf@@QEAAXM@Z) referenced in function main
CastleBuilder.obj : error LNK2019: unresolved external symbol "__declspec(dllimport) public: void __cdecl sf::RenderTarget::clear(class sf::Color const &)" (__imp_?clear@RenderTarget@sf@@QEAAXAEBVColor@2@@Z) referenced in function main
    Hint on symbols that are defined and could potentially match:
      "__declspec(dllimport) public: void __cdecl std::basic_ios<char,struct std::char_traits<char> >::clear(int,bool)" (__imp_?clear@?$basic_ios@DU?$char_traits@D@std@@@std@@QEAAXH_N@Z)
CastleBuilder.obj : error LNK2019: unresolved external symbol "__declspec(dllimport) public: void __cdecl sf::RenderTarget::setView(class sf::View const &)" (__imp_?setView@RenderTarget@sf@@QEAAXAEBVView@2@@Z) referenced in function main
CastleBuilder.obj : error LNK2019: unresolved external symbol "__declspec(dllimport) public: class sf::View const & __cdecl sf::RenderTarget::getDefaultView(void)const " (__imp_?getDefaultView@RenderTarget@sf@@QEBAAEBVView@2@XZ) referenced in function main
CastleBuilder.obj : error LNK2019: unresolved external symbol "__declspec(dllimport) public: void __cdecl sf::RenderTarget::draw(class sf::Drawable const &,class sf::RenderStates const &)" (__imp_?draw@RenderTarget@sf@@QEAAXAEBVDrawable@2@AEBVRenderStates@2@@Z) referenced in function main
GameScene.obj : error LNK2001: unresolved external symbol "__declspec(dllimport) public: void __cdecl sf::RenderTarget::draw(class sf::Drawable const &,class sf::RenderStates const &)" (__imp_?draw@RenderTarget@sf@@QEAAXAEBVDrawable@2@AEBVRenderStates@2@@Z)
CastleBuilder.obj : error LNK2019: unresolved external symbol "__declspec(dllimport) public: __cdecl sf::RenderWindow::RenderWindow(class sf::VideoMode,class sf::String const &,unsigned int,struct sf::ContextSettings const &)" (__imp_??0RenderWindow@sf@@QEAA@VVideoMode@1@AEBVString@1@IAEBUContextSettings@1@@Z) referenced in function main
CastleBuilder.obj : error LNK2019: unresolved external symbol "__declspec(dllimport) public: virtual __cdecl sf::RenderWindow::~RenderWindow(void)" (__imp_??1RenderWindow@sf@@UEAA@XZ) referenced in function main
CastleBuilder.obj : error LNK2001: unresolved external symbol "private: virtual void __cdecl sf::Shape::draw(class sf::RenderTarget &,class sf::RenderStates)const " (?draw@Shape@sf@@EEBAXAEAVRenderTarget@2@VRenderStates@2@@Z)
CastleBuilder.obj : error LNK2001: unresolved external symbol "public: virtual class sf::Vector2<float> __cdecl sf::ConvexShape::getPoint(unsigned __int64)const " (?getPoint@ConvexShape@sf@@UEBA?AV?$Vector2@M@2@_K@Z)
CastleBuilder.obj : error LNK2001: unresolved external symbol "public: virtual unsigned __int64 __cdecl sf::ConvexShape::getPointCount(void)const " (?getPointCount@ConvexShape@sf@@UEBA_KXZ)
CastleBuilder.obj : error LNK2019: unresolved external symbol "__declspec(dllimport) public: static class sf::RenderStates const sf::RenderStates::Default" (__imp_?Default@RenderStates@sf@@2V12@B) referenced in function main
GameScene.obj : error LNK2001: unresolved external symbol "__declspec(dllimport) public: static class sf::RenderStates const sf::RenderStates::Default" (__imp_?Default@RenderStates@sf@@2V12@B)
CastleBuilder.obj : error LNK2019: unresolved external symbol "__declspec(dllimport) public: static class sf::Color const sf::Color::Blue" (__imp_?Blue@Color@sf@@2V12@B) referenced in function main
CastleBuilder.obj : error LNK2019: unresolved external symbol "__declspec(dllimport) public: static class sf::Color const sf::Color::Cyan" (__imp_?Cyan@Color@sf@@2V12@B) referenced in function main
CastleBuilder.obj : error LNK2019: unresolved external symbol "__declspec(dllimport) public: static class sf::Color const sf::Color::Transparent" (__imp_?Transparent@Color@sf@@2V12@B) referenced in function main
GameScene.obj : error LNK2019: unresolved external symbol "__declspec(dllimport) public: virtual __cdecl sf::Drawable::~Drawable(void)" (__imp_??1Drawable@sf@@UEAA@XZ) referenced in function "int `public: __cdecl GameScene::GameScene(void)'::`1'::dtor$0" (?dtor$0@?0???0GameScene@@QEAA@XZ@4HA)
GameScene.obj : error LNK2019: unresolved external symbol "__declspec(dllimport) public: __cdecl sf::Drawable::Drawable(void)" (__imp_??0Drawable@sf@@QEAA@XZ) referenced in function "public: __cdecl GameScene::GameScene(void)" (??0GameScene@@QEAA@XZ)
GameScene.obj : error LNK2019: unresolved external symbol "__declspec(dllimport) public: __cdecl sf::Sprite::Sprite(void)" (__imp_??0Sprite@sf@@QEAA@XZ) referenced in function "public: __cdecl GameScene::GameScene(void)" (??0GameScene@@QEAA@XZ)
GameScene.obj : error LNK2019: unresolved external symbol "__declspec(dllimport) public: void __cdecl sf::Sprite::setTexture(class sf::Texture const &,bool)" (__imp_?setTexture@Sprite@sf@@QEAAXAEBVTexture@2@_N@Z) referenced in function "private: void __cdecl GameScene::createBackground(void)" (?createBackground@GameScene@@AEAAXXZ)
GameScene.obj : error LNK2019: unresolved external symbol "__declspec(dllimport) public: virtual __cdecl sf::Sprite::~Sprite(void)" (__imp_??1Sprite@sf@@UEAA@XZ) referenced in function "int `public: __cdecl GameScene::GameScene(void)'::`1'::dtor$2" (?dtor$2@?0???0GameScene@@QEAA@XZ@4HA)
GameScene.obj : error LNK2019: unresolved external symbol "__declspec(dllimport) public: __cdecl sf::Texture::~Texture(void)" (__imp_??1Texture@sf@@QEAA@XZ) referenced in function "private: void __cdecl GameScene::createBackground(void)" (?createBackground@GameScene@@AEAAXXZ)
C:\Users\Ugurcan\Documents\CastleBuilder\CastleBuilder\SFML\lib\sfml-system-d.lib : warning LNK4272: library machine type 'x86' conflicts with target machine type 'x64'
C:\Users\Ugurcan\Documents\CastleBuilder\CastleBuilder\SFML\lib\sfml-graphics-d.lib : warning LNK4272: library machine type 'x86' conflicts with target machine type 'x64'
C:\Users\Ugurcan\Documents\CastleBuilder\CastleBuilder\SFML\lib\sfml-audio-d.lib : warning LNK4272: library machine type 'x86' conflicts with target machine type 'x64'
C:\Users\Ugurcan\Documents\CastleBuilder\CastleBuilder\SFML\lib\sfml-network-d.lib : warning LNK4272: library machine type 'x86' conflicts with target machine type 'x64'
C:\Users\Ugurcan\Documents\CastleBuilder\CastleBuilder\SFML\lib\sfml-window-d.lib : warning LNK4272: library machine type 'x86' conflicts with target machine type 'x64'
C:\Users\Ugurcan\Documents\CastleBuilder\CastleBuilder\x64\Debug\CastleBuilder.exe : fatal error LNK1120: 50 unresolved externals
